0 info it worked if it ends with ok
1 verbose cli [ 'node', '/usr/bin/npm', 'i', '--save-dev', 'gulp-filesize' ]
2 info using npm@2.11.2
3 info using node@v0.10.38
4 verbose node symlink /usr/bin/node
5 verbose install initial load of /home/night/work/angular-pure-datepicker/package.json
6 verbose stack Error: Invalid name: "Angular Pure Datepicker"
6 verbose stack     at ensureValidName (/usr/lib/node_modules/npm/node_modules/normalize-package-data/lib/fixer.js:326:15)
6 verbose stack     at Object.module.exports.fixNameField (/usr/lib/node_modules/npm/node_modules/normalize-package-data/lib/fixer.js:209:5)
6 verbose stack     at /usr/lib/node_modules/npm/node_modules/normalize-package-data/lib/normalize.js:32:38
6 verbose stack     at Array.forEach (native)
6 verbose stack     at normalize (/usr/lib/node_modules/npm/node_modules/normalize-package-data/lib/normalize.js:31:15)
6 verbose stack     at final (/usr/lib/node_modules/npm/node_modules/read-package-json/read-json.js:338:5)
6 verbose stack     at then (/usr/lib/node_modules/npm/node_modules/read-package-json/read-json.js:113:5)
6 verbose stack     at /usr/lib/node_modules/npm/node_modules/read-package-json/read-json.js:284:20
6 verbose stack     at evalmachine.<anonymous>:208:20
6 verbose stack     at OpenReq.Req.done (/usr/lib/node_modules/npm/node_modules/graceful-fs/graceful-fs.js:141:5)
7 verbose cwd /home/night/work/angular-pure-datepicker
8 error Linux 3.16.0-41-generic
9 error argv "node" "/usr/bin/npm" "i" "--save-dev" "gulp-filesize"
10 error node v0.10.38
11 error npm  v2.11.2
12 error Invalid name: "Angular Pure Datepicker"
13 error If you need help, you may report this error at:
13 error     <https://github.com/npm/npm/issues>
14 verbose exit [ 1, true ]
